<?xml version="1.0" encoding="UTF-8"?>
<testng-results ignored="0" total="1" passed="1" failed="0" skipped="0">
  <reporter-output>
  </reporter-output>
  <suite started-at="2021-01-27T04:22:08Z" name="Suite" finished-at="2021-01-27T04:22:33Z" duration-ms="25032">
    <groups>
    </groups>
    <test started-at="2021-01-27T04:22:08Z" name="Test" finished-at="2021-01-27T04:22:33Z" duration-ms="25032">
      <class name="com.naukri.testcases.loginpagetest">
        <test-method is-config="true" signature="setUp()[pri:0, instance:com.naukri.testcases.loginpagetest@25fb8912]" started-at="2021-01-27T04:22:08Z" name="setUp" finished-at="2021-01-27T04:22:17Z" duration-ms="8536" status="PASS">
          <reporter-output>
          </reporter-output>
        </test-method> <!-- setUp -->
        <test-method signature="login()[pri:0, instance:com.naukri.testcases.loginpagetest@25fb8912]" started-at="2021-01-27T04:22:17Z" name="login" finished-at="2021-01-27T04:22:33Z" duration-ms="16459" status="PASS">
          <reporter-output>
          </reporter-output>
        </test-method> <!-- login -->
        <test-method is-config="true" signature="teardown()[pri:0, instance:com.naukri.testcases.loginpagetest@25fb8912]" started-at="2021-01-27T04:22:33Z" name="teardown" finished-at="2021-01-27T04:22:33Z" duration-ms="1" status="PASS">
          <reporter-output>
          </reporter-output>
        </test-method> <!-- teardown -->
      </class> <!-- com.naukri.testcases.loginpagetest -->
    </test> <!-- Test -->
  </suite> <!-- Suite -->
</testng-results>
