<?xml version="1.0" encoding="UTF-8"?>
<testng-results ignored="0" total="1" passed="1" failed="0" skipped="0">
  <reporter-output>
  </reporter-output>
  <suite started-at="2021-01-27T11:23:44 IST" name="Default suite" finished-at="2021-01-27T11:24:11 IST" duration-ms="27263">
    <groups>
    </groups>
    <test started-at="2021-01-27T11:23:44 IST" name="Default test" finished-at="2021-01-27T11:24:11 IST" duration-ms="27263">
      <class name="com.naukri.testcases.loginpagetest">
        <test-method is-config="true" signature="setUp()[pri:0, instance:com.naukri.testcases.loginpagetest@1fe20588]" started-at="2021-01-27T11:23:44 IST" name="setUp" finished-at="2021-01-27T11:23:55 IST" duration-ms="10956" status="PASS">
          <reporter-output>
          </reporter-output>
        </test-method> <!-- setUp -->
        <test-method signature="login()[pri:0, instance:com.naukri.testcases.loginpagetest@1fe20588]" started-at="2021-01-27T11:23:55 IST" name="login" finished-at="2021-01-27T11:24:11 IST" duration-ms="16262" status="PASS">
          <reporter-output>
          </reporter-output>
        </test-method> <!-- login -->
        <test-method is-config="true" signature="teardown()[pri:0, instance:com.naukri.testcases.loginpagetest@1fe20588]" started-at="2021-01-27T11:24:11 IST" name="teardown" finished-at="2021-01-27T11:24:11 IST" duration-ms="1" status="PASS">
          <reporter-output>
          </reporter-output>
        </test-method> <!-- teardown -->
      </class> <!-- com.naukri.testcases.loginpagetest -->
    </test> <!-- Default test -->
  </suite> <!-- Default suite -->
</testng-results>
