<?xml version="1.0" encoding="UTF-8"?>
<testng-results ignored="0" total="1" passed="1" failed="0" skipped="0">
  <reporter-output>
  </reporter-output>
  <suite started-at="2021-01-27T04:55:56Z" name="Default suite" finished-at="2021-01-27T04:56:24Z" duration-ms="28348">
    <groups>
    </groups>
    <test started-at="2021-01-27T04:55:56Z" name="Default test" finished-at="2021-01-27T04:56:24Z" duration-ms="28348">
      <class name="com.naukri.testcases.loginpagetest">
        <test-method is-config="true" signature="setUp()[pri:0, instance:com.naukri.testcases.loginpagetest@3cebbb30]" started-at="2021-01-27T04:55:56Z" name="setUp" finished-at="2021-01-27T04:56:07Z" duration-ms="10983" status="PASS">
          <reporter-output>
          </reporter-output>
        </test-method> <!-- setUp -->
        <test-method signature="login()[pri:0, instance:com.naukri.testcases.loginpagetest@3cebbb30]" started-at="2021-01-27T04:56:07Z" name="login" finished-at="2021-01-27T04:56:24Z" duration-ms="17330" status="PASS">
          <reporter-output>
          </reporter-output>
        </test-method> <!-- login -->
        <test-method is-config="true" signature="teardown()[pri:0, instance:com.naukri.testcases.loginpagetest@3cebbb30]" started-at="2021-01-27T04:56:24Z" name="teardown" finished-at="2021-01-27T04:56:24Z" duration-ms="0" status="PASS">
          <reporter-output>
          </reporter-output>
        </test-method> <!-- teardown -->
      </class> <!-- com.naukri.testcases.loginpagetest -->
    </test> <!-- Default test -->
  </suite> <!-- Default suite -->
</testng-results>
